# JRE version: OpenJDK Runtime Environment (8.0_76-b03) (build 1.8.0_76-release-b03)
# Java VM: OpenJDK 64-Bit Server VM (25.76-b03 mixed mode windows-amd64 compressed oops)
Heap:
 PSYoungGen      total 421888K, used 34867K [0x00000000e0000000, 0x00000000fe580000, 0x0000000100000000)
  eden space 353792K, 7% used [0x00000000e0000000,0x00000000e18b0c10,0x00000000f5980000)
  from space 68096K, 14% used [0x00000000fa300000,0x00000000fac5c010,0x00000000fe580000)
  to   space 71680K, 0% used [0x00000000f5980000,0x00000000f5980000,0x00000000f9f80000)
 ParOldGen       total 221696K, used 36773K [0x00000000a0000000, 0x00000000ad880000, 0x00000000e0000000)
  object space 221696K, 16% used [0x00000000a0000000,0x00000000a23e9438,0x00000000ad880000)
 Metaspace       used 72680K, capacity 77424K, committed 78336K, reserved 1118208K
  class space    used 8969K, capacity 9628K, committed 9984K, reserved 1048576K
GC Heap History (10 events):
Event: 2343.540 GC heap before
{Heap before GC invocations=60 (full 11):
 PSYoungGen      total 331776K, used 2128K [0x00000000e0000000, 0x00000000fe780000, 0x0000000100000000)
  eden space 329216K, 0% used [0x00000000e0000000,0x00000000e0000000,0x00000000f4180000)
  from space 2560K, 83% used [0x00000000f4180000,0x00000000f4394010,0x00000000f4400000)
  to   space 84992K, 0% used [0x00000000f9480000,0x00000000f9480000,0x00000000fe780000)
 ParOldGen       total 221696K, used 36640K [0x00000000a0000000, 0x00000000ad880000, 0x00000000e0000000)
  object space 221696K, 16% used [0x00000000a0000000,0x00000000a23c8288,0x00000000ad880000)
 Metaspace       used 72069K, capacity 75566K, committed 76288K, reserved 1116160K
  class space    used 8903K, capacity 9417K, committed 9728K, reserved 1048576K
Event: 2343.824 GC heap after
Heap after GC invocations=60 (full 11):
 PSYoungGen      total 331776K, used 0K [0x00000000e0000000, 0x00000000fe780000, 0x0000000100000000)
  eden space 329216K, 0% used [0x00000000e0000000,0x00000000e0000000,0x00000000f4180000)
  from space 2560K, 0% used [0x00000000f4180000,0x00000000f4180000,0x00000000f4400000)
  to   space 84992K, 0% used [0x00000000f9480000,0x00000000f9480000,0x00000000fe780000)
 ParOldGen       total 221696K, used 37097K [0x00000000a0000000, 0x00000000ad880000, 0x00000000e0000000)
  object space 221696K, 16% used [0x00000000a0000000,0x00000000a243a6a8,0x00000000ad880000)
 Metaspace       used 72069K, capacity 75566K, committed 76288K, reserved 1116160K
  class space    used 8903K, capacity 9417K, committed 9728K, reserved 1048576K
}
Event: 2684.226 GC heap before
{Heap before GC invocations=61 (full 11):
 PSYoungGen      total 331776K, used 329216K [0x00000000e0000000, 0x00000000fe780000, 0x0000000100000000)
  eden space 329216K, 100% used [0x00000000e0000000,0x00000000f4180000,0x00000000f4180000)
  from space 2560K, 0% used [0x00000000f4180000,0x00000000f4180000,0x00000000f4400000)
  to   space 84992K, 0% used [0x00000000f9480000,0x00000000f9480000,0x00000000fe780000)
 ParOldGen       total 221696K, used 37097K [0x00000000a0000000, 0x00000000ad880000, 0x00000000e0000000)
  object space 221696K, 16% used [0x00000000a0000000,0x00000000a243a6a8,0x00000000ad880000)
 Metaspace       used 72489K, capacity 76092K, committed 76544K, reserved 1116160K
  class space    used 8960K, capacity 9486K, committed 9728K, reserved 1048576K
Event: 2684.242 GC heap after
Heap after GC invocations=61 (full 11):
 PSYoungGen      total 419328K, used 11854K [0x00000000e0000000, 0x00000000ff480000, 0x0000000100000000)
  eden space 334336K, 0% used [0x00000000e0000000,0x00000000e0000000,0x00000000f4680000)
  from space 84992K, 13% used [0x00000000f9480000,0x00000000fa013808,0x00000000fe780000)
  to   space 79872K, 0% used [0x00000000f4680000,0x00000000f4680000,0x00000000f9480000)
 ParOldGen       total 221696K, used 37105K [0x00000000a0000000, 0x00000000ad880000, 0x00000000e0000000)
  object space 221696K, 16% used [0x00000000a0000000,0x00000000a243c6a8,0x00000000ad880000)
 Metaspace       used 72489K, capacity 76092K, committed 76544K, reserved 1116160K
  class space    used 8960K, capacity 9486K, committed 9728K, reserved 1048576K
}
Event: 2684.515 GC heap before
{Heap before GC invocations=62 (full 11):
 PSYoungGen      total 419328K, used 125842K [0x00000000e0000000, 0x00000000ff480000, 0x0000000100000000)
  eden space 334336K, 34% used [0x00000000e0000000,0x00000000e6f510e0,0x00000000f4680000)
  from space 84992K, 13% used [0x00000000f9480000,0x00000000fa013808,0x00000000fe780000)
  to   space 79872K, 0% used [0x00000000f4680000,0x00000000f4680000,0x00000000f9480000)
 ParOldGen       total 221696K, used 37105K [0x00000000a0000000, 0x00000000ad880000, 0x00000000e0000000)
  object space 221696K, 16% used [0x00000000a0000000,0x00000000a243c6a8,0x00000000ad880000)
 Metaspace       used 72489K, capacity 76092K, committed 76544K, reserved 1116160K
  class space    used 8960K, capacity 9486K, committed 9728K, reserved 1048576K
Event: 2684.519 GC heap after
Heap after GC invocations=62 (full 11):
 PSYoungGen      total 414208K, used 1130K [0x00000000e0000000, 0x00000000fed80000, 0x0000000100000000)
  eden space 334336K, 0% used [0x00000000e0000000,0x00000000e0000000,0x00000000f4680000)
  from space 79872K, 1% used [0x00000000f4680000,0x00000000f479aa18,0x00000000f9480000)
  to   space 76288K, 0% used [0x00000000fa300000,0x00000000fa300000,0x00000000fed80000)
 ParOldGen       total 221696K, used 37105K [0x00000000a0000000, 0x00000000ad880000, 0x00000000e0000000)
  object space 221696K, 16% used [0x00000000a0000000,0x00000000a243c6a8,0x00000000ad880000)
 Metaspace       used 72489K, capacity 76092K, committed 76544K, reserved 1116160K
  class space    used 8960K, capacity 9486K, committed 9728K, reserved 1048576K
}
Event: 2684.519 GC heap before
{Heap before GC invocations=63 (full 12):
 PSYoungGen      total 414208K, used 1130K [0x00000000e0000000, 0x00000000fed80000, 0x0000000100000000)
  eden space 334336K, 0% used [0x00000000e0000000,0x00000000e0000000,0x00000000f4680000)
  from space 79872K, 1% used [0x00000000f4680000,0x00000000f479aa18,0x00000000f9480000)
  to   space 76288K, 0% used [0x00000000fa300000,0x00000000fa300000,0x00000000fed80000)
 ParOldGen       total 221696K, used 37105K [0x00000000a0000000, 0x00000000ad880000, 0x00000000e0000000)
  object space 221696K, 16% used [0x00000000a0000000,0x00000000a243c6a8,0x00000000ad880000)
 Metaspace       used 72489K, capacity 76092K, committed 76544K, reserved 1116160K
  class space    used 8960K, capacity 9486K, committed 9728K, reserved 1048576K
Event: 2684.843 GC heap after
Heap after GC invocations=63 (full 12):
 PSYoungGen      total 414208K, used 0K [0x00000000e0000000, 0x00000000fed80000, 0x0000000100000000)
  eden space 334336K, 0% used [0x00000000e0000000,0x00000000e0000000,0x00000000f4680000)
  from space 79872K, 0% used [0x00000000f4680000,0x00000000f4680000,0x00000000f9480000)
  to   space 76288K, 0% used [0x00000000fa300000,0x00000000fa300000,0x00000000fed80000)
 ParOldGen       total 221696K, used 36765K [0x00000000a0000000, 0x00000000ad880000, 0x00000000e0000000)
  object space 221696K, 16% used [0x00000000a0000000,0x00000000a23e7438,0x00000000ad880000)
 Metaspace       used 71791K, capacity 75308K, committed 76544K, reserved 1116160K
  class space    used 8790K, capacity 9310K, committed 9728K, reserved 1048576K
}
Event: 3071.990 GC heap before
{Heap before GC invocations=64 (full 12):
 PSYoungGen      total 414208K, used 334336K [0x00000000e0000000, 0x00000000fed80000, 0x0000000100000000)
  eden space 334336K, 100% used [0x00000000e0000000,0x00000000f4680000,0x00000000f4680000)
  from space 79872K, 0% used [0x00000000f4680000,0x00000000f4680000,0x00000000f9480000)
  to   space 76288K, 0% used [0x00000000fa300000,0x00000000fa300000,0x00000000fed80000)
 ParOldGen       total 221696K, used 36765K [0x00000000a0000000, 0x00000000ad880000, 0x00000000e0000000)
  object space 221696K, 16% used [0x00000000a0000000,0x00000000a23e7438,0x00000000ad880000)
 Metaspace       used 72675K, capacity 77360K, committed 78336K, reserved 1118208K
  class space    used 8969K, capacity 9628K, committed 9984K, reserved 1048576K
Event: 3072.002 GC heap after
Heap after GC invocations=64 (full 12):
 PSYoungGen      total 421888K, used 9584K [0x00000000e0000000, 0x00000000fe580000, 0x0000000100000000)
  eden space 353792K, 0% used [0x00000000e0000000,0x00000000e0000000,0x00000000f5980000)
  from space 68096K, 14% used [0x00000000fa300000,0x00000000fac5c010,0x00000000fe580000)
  to   space 71680K, 0% used [0x00000000f5980000,0x00000000f5980000,0x00000000f9f80000)
 ParOldGen       total 221696K, used 36773K [0x00000000a0000000, 0x00000000ad880000, 0x00000000e0000000)
  object space 221696K, 16% used [0x00000000a0000000,0x00000000a23e9438,0x00000000ad880000)
 Metaspace       used 72675K, capacity 77360K, committed 78336K, reserved 1118208K
  class space    used 8969K, capacity 9628K, committed 9984K, reserved 1048576K
}

